Coverage Report by file with details

=================================================================================
=== File: async_fifo_tb.sv
=================================================================================
Statement Coverage:
    Enabled Coverage            Active      Hits    Misses % Covered
    ----------------            ------      ----    ------ ---------
    Stmts                           67        67         0     100.0

================================Statement Details================================

Statement Coverage for file async_fifo_tb.sv --

    1                                                module custom_async_fifo_tb;
    2                                                
    3                                                	// Parameters
    4                                                	parameter W_CYCLE = 100; 	// X time steps
    5                                                	parameter R_CYCLE = 75;		// Initial testing will have R and W have the same clocks but shifted slightly
    6                                                	parameter CLK_SHIFT = 25;
    7                                                	parameter SIZE 	= 32;
    8                                                	parameter DEPTH = 4;
    9                                                
    10                                               
    11                                               	// DUT Inputs
    12                                               	logic wclk, rclk, ainit;	// Clocks and reset
    13                                               	logic wr_en, rd_en;			// Enable
    14                                               	logic [SIZE-1:0] din;		// Data in
    15                                               
    16                                               	// DUT Outputs
    17                                               	logic full_f, empty_f;					// Required Flags
    18                                               	logic almost_full_f, almost_empty_f;	// Optional Flags		- Unused
    19                                               	logic wr_ack, rd_ack, wr_err, rd_err;	// Optional Handshake	- Unused
    20                                               	logic [SIZE-1:0] wr_count, rd_count;	// Count Vectors		- Unused
    21                                               	logic [SIZE-1:0] dout;					// Data Out
    22                                               
    23                                               	// Variables
    24                                               
    25                                               
    26                                               	// DUT instantiation
    27                                               	custom_async_fifo #(SIZE, DEPTH) iDUT (		// Test that Parameters work (defaults are 8, 4)
    28                                               		.din(din),
    29                                               		.dout(dout),
    30                                               		.fifo_full(full_f),
    31                                               		.fifo_empty(empty_f),
    32                                               		.wen(wr_en),
    33                                               		.wclk_i(wclk),
    34                                               		.wrst_n_i(ainit),
    35                                               		.ren(rd_en),
    36                                               		.rclk_i(rclk),
    37                                               		.rrst_n_i(ainit),
    38                                               		.fifo_almost_empty(almost_empty_f),
    39                                               		.fifo_almost_full(almost_full_f)
    40                                               	);
    41                                               
    42                                               
    43                                               	// Generate Clocks
    44                                               	initial begin
    45              1                          1     		wclk <= 0;
    46                                               		// rclk <= 0;
    47              1                          1     		forever #(W_CYCLE/2) wclk = ~wclk;
    47              2                        273     
    47              3                        272     
    48                                               		// #(CLK_SHIFT)
    49                                               		// forever #(R_CYCLE/2) rclk = ~rclk;	// rclk shifted 1/4 clk from wclk
    50                                               	end
    51                                               
    52                                               	initial begin
    53              1                          1     		rclk <= 0;
    54              1                          1     		#(CLK_SHIFT)
    55              1                          1     		forever #(R_CYCLE/2) rclk = ~rclk;	// rclk shifted 1/4 clk from wclk
    55              2                        367     
    55              3                        366     
    56                                               	end
    57                                               
    58                                               	// Testbench Initialization
    59                                               	initial begin
    60              1                          1     		ainit 	= 0;
    61              1                          1     		wr_en 	= 0;
    62              1                          1     		rd_en 	= 0;
    63              1                          1     		din 	= 0;
    64                                               	end
    65                                               
    66                                               	// Testbench Outputs
    67                                               	// always @(full_f, almost_full_f)
    68                                               	// 	$display($time, "\tFull Flags:\tFull = %d\tAlmost FUll = %d", full_f, almost_full_f);
    69                                               
    70                                               	// always @(empty_f, almost_empty_f)
    71                                               	// 	$display($time, "\tEMPTY Flags:\tEmpty = %d\tAlmost Empty = %d", empty_f, almost_empty_f);
    72                                               
    73                                               	// always @(rd_err, wr_err)
    74                                               	// 	$display($time, "\tERR Flags:\twr_err = %d\t rd_err = %d", wr_err, rd_err);
    75                                               	
    76                                               	// always @(dout)
    77                                               	// 	$display($time, "\tData Out:\tdout = %d", dout);
    78                                               
    79                                               
    80                                               	// Test Stimulus
    81                                               	initial begin
    82              1                          1     		$display("Testbench Output Format: value = actual, expected");
    83                                               
    84                                               		// Test AINT Fall + First WCLK (FULL Flags)   --->   Replace with Sequence Property
    85              1                          1     		$display("\n!!! Checking Flag Status after AINIT on first WCLK !!!");
    86              1                          5     		repeat(5) @(negedge wclk);
    86              2                          5     
    87              1                          1     		$display($time, "\tFlags:\tF = %d\tE = %d\tAF = %d\tAE = %d\tdin = %d\tdout = %d", full_f, empty_f, almost_full_f, almost_empty_f, din, dout);
    88              1                          1     		ainit = 1;
    89              1                          1     		$display($time, "\tFlags:\tF = %d\tE = %d\tAF = %d\tAE = %d\tdin = %d\tdout = %d", full_f, empty_f, almost_full_f, almost_empty_f, din, dout);
    90              1                          1     		@(negedge wclk);
    91              1                          1     		$display($time, "\tFlags:\tF = %d\tE = %d\tAF = %d\tAE = %d\tdin = %d\tdout = %d", full_f, empty_f, almost_full_f, almost_empty_f, din, dout);
    92                                               
    93                                               		// Test Initial Writes and EMPTY Flags   --->   Replace with Sequence Property
    94              1                          1     		$display("\n!!! Checking Flag Status after initial writes !!!");
    95              1                          5     		repeat(5) @(negedge wclk);		// First Write
    95              2                          5     
    96              1                          1     		$display($time, "\tFlags:\tF = %d\tE = %d\tAF = %d\tAE = %d\tdin = %d\tdout = %d", full_f, empty_f, almost_full_f, almost_empty_f, din, dout);
    97              1                          1     		din = 1;
    98              1                          1     		wr_en = 1;
    99              1                          1     		@(negedge wclk);
    100             1                          1     		wr_en = 0;
    101             1                          1     		$display($time, "\tFlags:\tF = %d\tE = %d\tAF = %d\tAE = %d\tdin = %d\tdout = %d", full_f, empty_f, almost_full_f, almost_empty_f, din, dout);
    102             1                          1     		@(negedge wclk);
    103             1                          1     		$display($time, "\tFlags:\tF = %d\tE = %d\tAF = %d\tAE = %d\tdin = %d\tdout = %d", full_f, empty_f, almost_full_f, almost_empty_f, din, dout);
    104             1                          2     		repeat(2) @(negedge wclk);		// Second Write
    104             2                          2     
    105             1                          1     		din = 2;
    106             1                          1     		wr_en = 1;
    107             1                          1     		@(negedge wclk);
    108             1                          1     		wr_en = 0;
    109             1                          1     		$display($time, "\tFlags:\tF = %d\tE = %d\tAF = %d\tAE = %d\tdin = %d\tdout = %d", full_f, empty_f, almost_full_f, almost_empty_f, din, dout);
    110             1                          1     		@(negedge wclk);
    111             1                          1     		$display($time, "\tFlags:\tF = %d\tE = %d\tAF = %d\tAE = %d\tdin = %d\tdout = %d", full_f, empty_f, almost_full_f, almost_empty_f, din, dout);
    112                                              
    113                                              		// Write until full (Should be max_depth+2 writes) Flags should change, err signals should send with the final writes. 
    114             1                          1     		$display("\n!!! Fill the Fifo !!!");
    115             1                         16     		repeat(16) begin
    116             1                         32     			repeat(2) @(negedge wclk);		// 2 cycles between writes
    116             2                         32     
    117             1                         16     			din = $random();
    118             1                         16     			wr_en = 1;
    119                                              			// $display($time, "\tFlags:\tFull = %d\tEmpty = %d\t din = %d\tdout = %d", full_f, empty_f, din, dout);
    120             1                         16     			@(negedge wclk);
    121             1                         16     			wr_en = 0;
    122             1                         16     			$display($time, "\tFlags:\tF = %d\tE = %d\tAF = %d\tAE = %d\tdin = %d\tdout = %d", full_f, empty_f, almost_full_f, almost_empty_f, din, dout);
    123             1                         16     			@(negedge wclk);
    124                                              		end
    125                                              
    126                                              
    127                                              		// Read until empty (Should be max_depth+2 reads) Flags should change, err signals should send with the final reads. 
    128             1                          1     		$display("\n!!! Empty the Fifo !!!");
    129             1                          2     		repeat(2) @(negedge wclk);	//Stimulus should fall on the falling edge of rclk
    129             2                          2     
    130             1                          1     		din = 0;
    131             1                         18     		repeat(18)	begin
    132             1                         36     			repeat(2) @(negedge rclk);		// 2 cycles between reads
    132             2                         36     
    133             1                         18     			rd_en = 1;
    134                                              			// $display($time, "\tFlags:\tFull = %d\tEmpty = %d\t din = %d\tdout = %d", full_f, empty_f, din, dout);
    135             1                         18     			@(negedge rclk);
    136             1                         18     			rd_en = 0;
    137             1                         18     			$display($time, "\tFlags:\tF = %d\tE = %d\tAF = %d\tAE = %d\tdin = %d\tdout = %d", full_f, empty_f, almost_full_f, almost_empty_f, din, dout);
    138             1                         18     			@(negedge rclk);
    139                                              		end
    140                                              
    141             1                          2     		repeat(2) @(negedge wclk);
    141             2                          2     
    142             1                          1     		$stop;
    143                                              	end
    144                                              
    145                                              
    146                                              endmodule : custom_async_fifo_tb

Branch Coverage:
    Enabled Coverage            Active      Hits    Misses % Covered
    ----------------            ------      ----    ------ ---------
    Branches                         0         0         0     100.0
Condition Coverage:
    Enabled Coverage            Active   Covered    Misses % Covered
    ----------------            ------      ----    ------ ---------
    FEC Condition Terms              0         0         0     100.0
Expression Coverage:
    Enabled Coverage            Active   Covered    Misses % Covered
    ----------------            ------      ----    ------ ---------
    FEC Expression Terms             0         0         0     100.0
FSM Coverage:
    Enabled Coverage            Active      Hits    Misses % Covered
    ----------------            ------      ----    ------ ---------
    FSMs                                                       100.0
        States                       0         0         0     100.0
        Transitions                  0         0         0     100.0
Toggle Coverage:
    Enabled Coverage            Active      Hits    Misses % Covered
    ----------------            ------      ----    ------ ---------
    Toggle Bins                    558       145       413      25.9

================================Toggle Details================================

Toggle Coverage for File async_fifo_tb.sv --

       Line                                   Node      1H->0L      0L->1H       0L->Z       Z->0L       1H->Z       Z->H1     ExtMode  "Coverage"
--------------------------------------------------------------------------------------------------------------------------------------------------
         12                                  ainit           0           1           0           0           0           0           3       16.67 
         19                                 wr_err           0           0           0           0           0           0           3        0.00 
         19                                 wr_ack           0           0           0           0           0           0           3        0.00 
         19                                 rd_err           0           0           0           0           0           0           3        0.00 
         19                                 rd_ack           0           0           0           0           0           0           3        0.00 
         20                            wr_count[9]           0           0           0           0           0           0           3        0.00 
         20                            wr_count[8]           0           0           0           0           0           0           3        0.00 
         20                            wr_count[7]           0           0           0           0           0           0           3        0.00 
         20                            wr_count[6]           0           0           0           0           0           0           3        0.00 
         20                            wr_count[5]           0           0           0           0           0           0           3        0.00 
         20                            wr_count[4]           0           0           0           0           0           0           3        0.00 
         20                            wr_count[3]           0           0           0           0           0           0           3        0.00 
         20                           wr_count[31]           0           0           0           0           0           0           3        0.00 
         20                           wr_count[30]           0           0           0           0           0           0           3        0.00 
         20                            wr_count[2]           0           0           0           0           0           0           3        0.00 
         20                           wr_count[29]           0           0           0           0           0           0           3        0.00 
         20                           wr_count[28]           0           0           0           0           0           0           3        0.00 
         20                           wr_count[27]           0           0           0           0           0           0           3        0.00 
         20                           wr_count[26]           0           0           0           0           0           0           3        0.00 
         20                           wr_count[25]           0           0           0           0           0           0           3        0.00 
         20                           wr_count[24]           0           0           0           0           0           0           3        0.00 
         20                           wr_count[23]           0           0           0           0           0           0           3        0.00 
         20                           wr_count[22]           0           0           0           0           0           0           3        0.00 
         20                           wr_count[21]           0           0           0           0           0           0           3        0.00 
         20                           wr_count[20]           0           0           0           0           0           0           3        0.00 
         20                            wr_count[1]           0           0           0           0           0           0           3        0.00 
         20                           wr_count[19]           0           0           0           0           0           0           3        0.00 
         20                           wr_count[18]           0           0           0           0           0           0           3        0.00 
         20                           wr_count[17]           0           0           0           0           0           0           3        0.00 
         20                           wr_count[16]           0           0           0           0           0           0           3        0.00 
         20                           wr_count[15]           0           0           0           0           0           0           3        0.00 
         20                           wr_count[14]           0           0           0           0           0           0           3        0.00 
         20                           wr_count[13]           0           0           0           0           0           0           3        0.00 
         20                           wr_count[12]           0           0           0           0           0           0           3        0.00 
         20                           wr_count[11]           0           0           0           0           0           0           3        0.00 
         20                           wr_count[10]           0           0           0           0           0           0           3        0.00 
         20                            wr_count[0]           0           0           0           0           0           0           3        0.00 
         20                            rd_count[9]           0           0           0           0           0           0           3        0.00 
         20                            rd_count[8]           0           0           0           0           0           0           3        0.00 
         20                            rd_count[7]           0           0           0           0           0           0           3        0.00 
         20                            rd_count[6]           0           0           0           0           0           0           3        0.00 
         20                            rd_count[5]           0           0           0           0           0           0           3        0.00 
         20                            rd_count[4]           0           0           0           0           0           0           3        0.00 
         20                            rd_count[3]           0           0           0           0           0           0           3        0.00 
         20                           rd_count[31]           0           0           0           0           0           0           3        0.00 
         20                           rd_count[30]           0           0           0           0           0           0           3        0.00 
         20                            rd_count[2]           0           0           0           0           0           0           3        0.00 
         20                           rd_count[29]           0           0           0           0           0           0           3        0.00 
         20                           rd_count[28]           0           0           0           0           0           0           3        0.00 
         20                           rd_count[27]           0           0           0           0           0           0           3        0.00 
         20                           rd_count[26]           0           0           0           0           0           0           3        0.00 
         20                           rd_count[25]           0           0           0           0           0           0           3        0.00 
         20                           rd_count[24]           0           0           0           0           0           0           3        0.00 
         20                           rd_count[23]           0           0           0           0           0           0           3        0.00 
         20                           rd_count[22]           0           0           0           0           0           0           3        0.00 
         20                           rd_count[21]           0           0           0           0           0           0           3        0.00 
         20                           rd_count[20]           0           0           0           0           0           0           3        0.00 
         20                            rd_count[1]           0           0           0           0           0           0           3        0.00 
         20                           rd_count[19]           0           0           0           0           0           0           3        0.00 
         20                           rd_count[18]           0           0           0           0           0           0           3        0.00 
         20                           rd_count[17]           0           0           0           0           0           0           3        0.00 
         20                           rd_count[16]           0           0           0           0           0           0           3        0.00 
         20                           rd_count[15]           0           0           0           0           0           0           3        0.00 
         20                           rd_count[14]           0           0           0           0           0           0           3        0.00 
         20                           rd_count[13]           0           0           0           0           0           0           3        0.00 
         20                           rd_count[12]           0           0           0           0           0           0           3        0.00 
         20                           rd_count[11]           0           0           0           0           0           0           3        0.00 
         20                           rd_count[10]           0           0           0           0           0           0           3        0.00 
         20                            rd_count[0]           0           0           0           0           0           0           3        0.00 

========
(n*) - Number was not used in coverage calculations performed by extended toggle algorithms.

Extended Toggle Coverage Calculation Criteria:
-----------------------------------------------
	ExtMode 1: 0L->1H & 1H->0L & any one 'Z' transition (to/from 'Z').
	ExtMode 2: 0L->1H & 1H->0L & one transition to 'Z' & one transition from 'Z'.
	ExtMode 3: 0L->1H & 1H->0L & all 'Z' transitions.
========

Total Node Count     =        141 
Toggled Node Count   =         72 
Untoggled Node Count =         69 

Toggle Coverage      =       25.9% (145 of 558 bins)

=================================================================================
=== File: fifomem.sv
=================================================================================
Statement Coverage:
    Enabled Coverage            Active      Hits    Misses % Covered
    ----------------            ------      ----    ------ ---------
    Stmts                            3         3         0     100.0

================================Statement Details================================

Statement Coverage for file fifomem.sv --

    1                                                module custom_fifomem (
    2                                                  wen, fifo_full, wclk_i,
    3                                                  wr_addr, rd_addr,
    4                                                  din,
    5                                                  dout
    6                                                );
    7                                                  parameter DATASIZE = 8;   // Memory data word width
    8                                                  parameter ADDRSIZE = 32;  // Number of mem address bits
    9                                                  localparam DEPTH = 2**ADDRSIZE;
    10                                               
    11                                                 input  wen, fifo_full, wclk_i;
    12                                                 input  [ADDRSIZE-1:0] wr_addr, rd_addr;
    13                                                 input  [DATASIZE-1:0] din;
    14                                                 output [DATASIZE-1:0] dout;
    15                                               
    16                                                 logic [DATASIZE-1:0] mem_array [0:DEPTH-1];
    17                                               
    18              1                         34       assign dout = mem_array[rd_addr];
    19                                               
    20              1                         39       always_ff @(posedge wclk_i) begin
    21                                                   if (wen & ~fifo_full)
    22              1                         16           mem_array[wr_addr] <= din;
    23                                                 end
    24                                               
    25                                               endmodule

Branch Coverage:
    Enabled Coverage            Active      Hits    Misses % Covered
    ----------------            ------      ----    ------ ---------
    Branches                         2         2         0     100.0

================================Branch Details================================

Branch Coverage for file fifomem.sv --

------------------------------------IF Branch------------------------------------
    21                                        39     Count coming in to IF
    21              1                         16         if (wen & ~fifo_full)
                                              23     All False Count
Branch totals: 2 hits of 2 branches = 100.0%


Condition Coverage:
    Enabled Coverage            Active   Covered    Misses % Covered
    ----------------            ------      ----    ------ ---------
    FEC Condition Terms              2         2         0     100.0

================================Condition Details================================

Condition Coverage for file fifomem.sv --

----------------Focused Condition View-------------------
Line       21 Item    1  (wen & ~fifo_full)
Condition totals: 2 of 2 input terms covered = 100.0%


Expression Coverage:
    Enabled Coverage            Active   Covered    Misses % Covered
    ----------------            ------      ----    ------ ---------
    FEC Expression Terms             0         0         0     100.0
FSM Coverage:
    Enabled Coverage            Active      Hits    Misses % Covered
    ----------------            ------      ----    ------ ---------
    FSMs                                                       100.0
        States                       0         0         0     100.0
        Transitions                  0         0         0     100.0
Toggle Coverage:
    Enabled Coverage            Active      Hits    Misses % Covered
    ----------------            ------      ----    ------ ---------
    Toggle Bins                    150       150         0     100.0

================================Toggle Details================================

Toggle Coverage for File fifomem.sv --

       Line                                   Node      1H->0L      0L->1H       0L->Z       Z->0L       1H->Z       Z->H1     ExtMode  "Coverage"
--------------------------------------------------------------------------------------------------------------------------------------------------

========
(n*) - Number was not used in coverage calculations performed by extended toggle algorithms.

Extended Toggle Coverage Calculation Criteria:
-----------------------------------------------
	ExtMode 1: 0L->1H & 1H->0L & any one 'Z' transition (to/from 'Z').
	ExtMode 2: 0L->1H & 1H->0L & one transition to 'Z' & one transition from 'Z'.
	ExtMode 3: 0L->1H & 1H->0L & all 'Z' transitions.
========

Total Node Count     =         75 
Toggled Node Count   =         75 
Untoggled Node Count =          0 

Toggle Coverage      =      100.0% (150 of 150 bins)

=================================================================================
=== File: rptr_empty.sv
=================================================================================
Statement Coverage:
    Enabled Coverage            Active      Hits    Misses % Covered
    ----------------            ------      ----    ------ ---------
    Stmts                           13        13         0     100.0

================================Statement Details================================

Statement Coverage for file rptr_empty.sv --

    1                                                module custom_rptr_empty (
    2                                                  ren, rclk_i, rrst_n_i,
    3                                                  wptr_sync2_rdclk,
    4                                                  fifo_empty,
    5                                                  fifo_almost_empty,
    6                                                  rd_addr,
    7                                                  rptr_g
    8                                                );
    9                                                  parameter ADDRSIZE = 32;
    10                                                 input  ren, rclk_i, rrst_n_i;
    11                                                 input  [ADDRSIZE:0] wptr_sync2_rdclk;
    12                                                 output reg fifo_empty;
    13                                                 output reg fifo_almost_empty;
    14                                                 output [ADDRSIZE-1:0] rd_addr;
    15                                                 output reg [ADDRSIZE:0] rptr_g;
    16                                               
    17                                                 reg [ADDRSIZE:0] rbin_reg;
    18                                                 wire [ADDRSIZE:0] rgray_next, rbin_next;
    19                                                 wire fifo_empty_val;
    20                                                 wire fifo_almost_empty_val;
    21                                               
    22              1                         35       always_ff @(posedge rclk_i or negedge rrst_n_i) begin
    23                                                   if (~rrst_n_i)
    24              1                          2           {rbin_reg, rptr_g} <= '0;
    25                                                   else
    26              1                         33           {rbin_reg, rptr_g} <= {rbin_next, rgray_next};
    27                                                 end
    28                                               
    29              1                         18       assign rd_addr = rbin_reg[ADDRSIZE-1:0];
    30              1                         56       assign rbin_next = rbin_reg + (ren & ~fifo_empty);
    31              1                         48       assign rgray_next = (rbin_next >> 1) ^ rbin_next;
    32                                               
    33              1                         65       assign fifo_empty_val = (rgray_next == wptr_sync2_rdclk);
    34              1                         70       assign fifo_almost_empty_val = ((rgray_next+1 == wptr_sync2_rdclk) || fifo_empty_val);
    35                                               
    36              1                         10       always_ff @(posedge rclk_i or negedge rrst_n_i) begin
    37                                                   if (~rrst_n_i) begin
    38              1                          2           fifo_empty <= 1'b1;
    39              1                          2     	  fifo_almost_empty <= 1'b1;
    40                                               	end else begin
    41              1                          8           fifo_empty <= fifo_empty_val;
    42              1                          8     	  fifo_almost_empty <= fifo_almost_empty_val;
    43                                               	end
    44                                                 end
    45                                               
    46                                               endmodule

Branch Coverage:
    Enabled Coverage            Active      Hits    Misses % Covered
    ----------------            ------      ----    ------ ---------
    Branches                         4         4         0     100.0

================================Branch Details================================

Branch Coverage for file rptr_empty.sv --

------------------------------------IF Branch------------------------------------
    23                                        35     Count coming in to IF
    23              1                          2         if (~rrst_n_i)
    25              1                         33         else
Branch totals: 2 hits of 2 branches = 100.0%

------------------------------------IF Branch------------------------------------
    37                                        10     Count coming in to IF
    37              1                          2         if (~rrst_n_i) begin
    40              1                          8     	end else begin
Branch totals: 2 hits of 2 branches = 100.0%


Condition Coverage:
    Enabled Coverage            Active   Covered    Misses % Covered
    ----------------            ------      ----    ------ ---------
    FEC Condition Terms              0         0         0     100.0
Expression Coverage:
    Enabled Coverage            Active   Covered    Misses % Covered
    ----------------            ------      ----    ------ ---------
    FEC Expression Terms             2         2         0     100.0

================================Expression Details================================

Expression Coverage for file rptr_empty.sv --

----------------Focused Expression View-----------------
Line       34 Item    1  (((rgray_next + 1) == wptr_sync2_rdclk) || fifo_empty_val)
Expression totals: 2 of 2 input terms covered = 100.0%


FSM Coverage:
    Enabled Coverage            Active      Hits    Misses % Covered
    ----------------            ------      ----    ------ ---------
    FSMs                                                       100.0
        States                       0         0         0     100.0
        Transitions                  0         0         0     100.0
Toggle Coverage:
    Enabled Coverage            Active      Hits    Misses % Covered
    ----------------            ------      ----    ------ ---------
    Toggle Bins                     96        66        30      68.7

================================Toggle Details================================

Toggle Coverage for File rptr_empty.sv --

       Line                                   Node      1H->0L      0L->1H       0L->Z       Z->0L       1H->Z       Z->H1     ExtMode  "Coverage"
--------------------------------------------------------------------------------------------------------------------------------------------------
         10                               rrst_n_i           0           1           0           0           0           0           3       16.67 
         11                    wptr_sync2_rdclk[4]           0           1           0           0           0           0           3       16.67 
         11                    wptr_sync2_rdclk[3]           0           1           0           0           0           0           3       16.67 
         15                              rptr_g[4]           0           1           0           0           0           0           3       16.67 
         15                              rptr_g[3]           0           1           0           0           0           0           3       16.67 
         17                            rbin_reg[4]           0           1           0           0           0           0           3       16.67 

========
(n*) - Number was not used in coverage calculations performed by extended toggle algorithms.

Extended Toggle Coverage Calculation Criteria:
-----------------------------------------------
	ExtMode 1: 0L->1H & 1H->0L & any one 'Z' transition (to/from 'Z').
	ExtMode 2: 0L->1H & 1H->0L & one transition to 'Z' & one transition from 'Z'.
	ExtMode 3: 0L->1H & 1H->0L & all 'Z' transitions.
========

Total Node Count     =         36 
Toggled Node Count   =         30 
Untoggled Node Count =          6 

Toggle Coverage      =       68.7% (66 of 96 bins)

=================================================================================
=== File: sync_r2w.sv
=================================================================================
Statement Coverage:
    Enabled Coverage            Active      Hits    Misses % Covered
    ----------------            ------      ----    ------ ---------
    Stmts                            3         3         0     100.0

================================Statement Details================================

Statement Coverage for file sync_r2w.sv --

    1                                                module custom_sync_r2w (
    2                                                  wclk_i, wrst_n_i,
    3                                                  rptr_g,
    4                                                  rptr_sync2_wrclk
    5                                                );
    6                                                
    7                                                  parameter ADDRSIZE = 32;
    8                                                  input   wclk_i, wrst_n_i;
    9                                                  input   [ADDRSIZE:0] rptr_g;
    10                                                 output  reg [ADDRSIZE:0] rptr_sync2_wrclk;
    11                                               
    12                                                 reg [ADDRSIZE:0] rptr_sync1_wrclk;
    13                                               
    14              1                         50       always_ff @(posedge wclk_i or negedge wrst_n_i) begin
    15                                                   if (~wrst_n_i)
    16              1                          2           {rptr_sync2_wrclk, rptr_sync1_wrclk} <= '0;
    17                                                   else
    18              1                         48           {rptr_sync2_wrclk, rptr_sync1_wrclk} <= {rptr_sync1_wrclk, rptr_g};
    19                                                 end
    20                                               
    21                                               endmodule

Branch Coverage:
    Enabled Coverage            Active      Hits    Misses % Covered
    ----------------            ------      ----    ------ ---------
    Branches                         2         2         0     100.0

================================Branch Details================================

Branch Coverage for file sync_r2w.sv --

------------------------------------IF Branch------------------------------------
    15                                        50     Count coming in to IF
    15              1                          2         if (~wrst_n_i)
    17              1                         48         else
Branch totals: 2 hits of 2 branches = 100.0%


Condition Coverage:
    Enabled Coverage            Active   Covered    Misses % Covered
    ----------------            ------      ----    ------ ---------
    FEC Condition Terms              0         0         0     100.0
Expression Coverage:
    Enabled Coverage            Active   Covered    Misses % Covered
    ----------------            ------      ----    ------ ---------
    FEC Expression Terms             0         0         0     100.0
FSM Coverage:
    Enabled Coverage            Active      Hits    Misses % Covered
    ----------------            ------      ----    ------ ---------
    FSMs                                                       100.0
        States                       0         0         0     100.0
        Transitions                  0         0         0     100.0
Toggle Coverage:
    Enabled Coverage            Active      Hits    Misses % Covered
    ----------------            ------      ----    ------ ---------
    Toggle Bins                     62        27        35      43.5

================================Toggle Details================================

Toggle Coverage for File sync_r2w.sv --

       Line                                   Node      1H->0L      0L->1H       0L->Z       Z->0L       1H->Z       Z->H1     ExtMode  "Coverage"
--------------------------------------------------------------------------------------------------------------------------------------------------
          8                               wrst_n_i           0           1           0           0           0           0           3       16.67 
          9                              rptr_g[4]           0           1           0           0           0           0           3       16.67 
          9                              rptr_g[3]           0           1           0           0           0           0           3       16.67 
         10                    rptr_sync2_wrclk[4]           0           1           0           0           0           0           3       16.67 
         10                    rptr_sync2_wrclk[3]           0           1           0           0           0           0           3       16.67 
         12                    rptr_sync1_wrclk[4]           0           1           0           0           0           0           3       16.67 
         12                    rptr_sync1_wrclk[3]           0           1           0           0           0           0           3       16.67 

========
(n*) - Number was not used in coverage calculations performed by extended toggle algorithms.

Extended Toggle Coverage Calculation Criteria:
-----------------------------------------------
	ExtMode 1: 0L->1H & 1H->0L & any one 'Z' transition (to/from 'Z').
	ExtMode 2: 0L->1H & 1H->0L & one transition to 'Z' & one transition from 'Z'.
	ExtMode 3: 0L->1H & 1H->0L & all 'Z' transitions.
========

Total Node Count     =         17 
Toggled Node Count   =         10 
Untoggled Node Count =          7 

Toggle Coverage      =       43.5% (27 of 62 bins)

=================================================================================
=== File: sync_w2r.sv
=================================================================================
Statement Coverage:
    Enabled Coverage            Active      Hits    Misses % Covered
    ----------------            ------      ----    ------ ---------
    Stmts                            3         3         0     100.0

================================Statement Details================================

Statement Coverage for file sync_w2r.sv --

    1                                                module custom_sync_w2r (
    2                                                  rclk_i, rrst_n_i,
    3                                                  wptr_g,
    4                                                  wptr_sync2_rdclk
    5                                                );
    6                                                
    7                                                  parameter ADDRSIZE = 32;
    8                                                  input   rclk_i, rrst_n_i;
    9                                                  input   [ADDRSIZE:0] wptr_g;
    10                                                 output  reg [ADDRSIZE:0] wptr_sync2_rdclk;
    11                                               
    12                                                 reg [ADDRSIZE:0] wptr_sync1_rdclk;
    13                                               
    14              1                         51       always_ff @(posedge rclk_i or negedge rrst_n_i) begin
    15                                                   if (~rrst_n_i)
    16              1                          2           {wptr_sync2_rdclk, wptr_sync1_rdclk} <= '0;
    17                                                   else
    18              1                         49           {wptr_sync2_rdclk, wptr_sync1_rdclk} <= {wptr_sync1_rdclk, wptr_g};
    19                                                 end
    20                                               
    21                                               endmodule

Branch Coverage:
    Enabled Coverage            Active      Hits    Misses % Covered
    ----------------            ------      ----    ------ ---------
    Branches                         2         2         0     100.0

================================Branch Details================================

Branch Coverage for file sync_w2r.sv --

------------------------------------IF Branch------------------------------------
    15                                        51     Count coming in to IF
    15              1                          2         if (~rrst_n_i)
    17              1                         49         else
Branch totals: 2 hits of 2 branches = 100.0%


Condition Coverage:
    Enabled Coverage            Active   Covered    Misses % Covered
    ----------------            ------      ----    ------ ---------
    FEC Condition Terms              0         0         0     100.0
Expression Coverage:
    Enabled Coverage            Active   Covered    Misses % Covered
    ----------------            ------      ----    ------ ---------
    FEC Expression Terms             0         0         0     100.0
FSM Coverage:
    Enabled Coverage            Active      Hits    Misses % Covered
    ----------------            ------      ----    ------ ---------
    FSMs                                                       100.0
        States                       0         0         0     100.0
        Transitions                  0         0         0     100.0
Toggle Coverage:
    Enabled Coverage            Active      Hits    Misses % Covered
    ----------------            ------      ----    ------ ---------
    Toggle Bins                     62        27        35      43.5

================================Toggle Details================================

Toggle Coverage for File sync_w2r.sv --

       Line                                   Node      1H->0L      0L->1H       0L->Z       Z->0L       1H->Z       Z->H1     ExtMode  "Coverage"
--------------------------------------------------------------------------------------------------------------------------------------------------
          8                               rrst_n_i           0           1           0           0           0           0           3       16.67 
          9                              wptr_g[4]           0           1           0           0           0           0           3       16.67 
          9                              wptr_g[3]           0           1           0           0           0           0           3       16.67 
         10                    wptr_sync2_rdclk[4]           0           1           0           0           0           0           3       16.67 
         10                    wptr_sync2_rdclk[3]           0           1           0           0           0           0           3       16.67 
         12                    wptr_sync1_rdclk[4]           0           1           0           0           0           0           3       16.67 
         12                    wptr_sync1_rdclk[3]           0           1           0           0           0           0           3       16.67 

========
(n*) - Number was not used in coverage calculations performed by extended toggle algorithms.

Extended Toggle Coverage Calculation Criteria:
-----------------------------------------------
	ExtMode 1: 0L->1H & 1H->0L & any one 'Z' transition (to/from 'Z').
	ExtMode 2: 0L->1H & 1H->0L & one transition to 'Z' & one transition from 'Z'.
	ExtMode 3: 0L->1H & 1H->0L & all 'Z' transitions.
========

Total Node Count     =         17 
Toggled Node Count   =         10 
Untoggled Node Count =          7 

Toggle Coverage      =       43.5% (27 of 62 bins)

=================================================================================
=== File: top.sv
=================================================================================
Statement Coverage:
    Enabled Coverage            Active      Hits    Misses % Covered
    ----------------            ------      ----    ------ ---------
    Stmts                            0         0         0     100.0
Branch Coverage:
    Enabled Coverage            Active      Hits    Misses % Covered
    ----------------            ------      ----    ------ ---------
    Branches                         0         0         0     100.0
Condition Coverage:
    Enabled Coverage            Active   Covered    Misses % Covered
    ----------------            ------      ----    ------ ---------
    FEC Condition Terms              0         0         0     100.0
Expression Coverage:
    Enabled Coverage            Active   Covered    Misses % Covered
    ----------------            ------      ----    ------ ---------
    FEC Expression Terms             0         0         0     100.0
FSM Coverage:
    Enabled Coverage            Active      Hits    Misses % Covered
    ----------------            ------      ----    ------ ---------
    FSMs                                                       100.0
        States                       0         0         0     100.0
        Transitions                  0         0         0     100.0
Toggle Coverage:
    Enabled Coverage            Active      Hits    Misses % Covered
    ----------------            ------      ----    ------ ---------
    Toggle Bins                    244       194        50      79.5

================================Toggle Details================================

Toggle Coverage for File top.sv --

       Line                                   Node      1H->0L      0L->1H       0L->Z       Z->0L       1H->Z       Z->H1     ExtMode  "Coverage"
--------------------------------------------------------------------------------------------------------------------------------------------------
         14                               wrst_n_i           0           1           0           0           0           0           3       16.67 
         15                               rrst_n_i           0           1           0           0           0           0           3       16.67 
         24                    wptr_sync2_rdclk[4]           0           1           0           0           0           0           3       16.67 
         24                    wptr_sync2_rdclk[3]           0           1           0           0           0           0           3       16.67 
         24                              wptr_g[4]           0           1           0           0           0           0           3       16.67 
         24                              wptr_g[3]           0           1           0           0           0           0           3       16.67 
         24                    rptr_sync2_wrclk[4]           0           1           0           0           0           0           3       16.67 
         24                    rptr_sync2_wrclk[3]           0           1           0           0           0           0           3       16.67 
         24                              rptr_g[4]           0           1           0           0           0           0           3       16.67 
         24                              rptr_g[3]           0           1           0           0           0           0           3       16.67 

========
(n*) - Number was not used in coverage calculations performed by extended toggle algorithms.

Extended Toggle Coverage Calculation Criteria:
-----------------------------------------------
	ExtMode 1: 0L->1H & 1H->0L & any one 'Z' transition (to/from 'Z').
	ExtMode 2: 0L->1H & 1H->0L & one transition to 'Z' & one transition from 'Z'.
	ExtMode 3: 0L->1H & 1H->0L & all 'Z' transitions.
========

Total Node Count     =        102 
Toggled Node Count   =         92 
Untoggled Node Count =         10 

Toggle Coverage      =       79.5% (194 of 244 bins)

=================================================================================
=== File: wptr_full.sv
=================================================================================
Statement Coverage:
    Enabled Coverage            Active      Hits    Misses % Covered
    ----------------            ------      ----    ------ ---------
    Stmts                           13        13         0     100.0

================================Statement Details================================

Statement Coverage for file wptr_full.sv --

    1                                                module custom_wptr_full (
    2                                                  wen, wclk_i, wrst_n_i,
    3                                                  rptr_sync2_wrclk,
    4                                                  fifo_full,
    5                                                  fifo_almost_full,
    6                                                  wr_addr,
    7                                                  wptr_g
    8                                                );
    9                                                
    10                                                 parameter ADDRSIZE = 32;
    11                                                 input  wen, wclk_i, wrst_n_i;
    12                                                 input  [ADDRSIZE:0] rptr_sync2_wrclk;
    13                                                 output reg fifo_full;
    14                                                 output reg fifo_almost_full;
    15                                                 output [ADDRSIZE-1:0] wr_addr;
    16                                                 output reg [ADDRSIZE:0] wptr_g;
    17                                               
    18                                                 reg [ADDRSIZE:0] wbin_reg;
    19                                                 wire [ADDRSIZE:0] wgray_next, wbin_next;
    20                                                 wire fifo_full_val;
    21                                                 wire fifo_almost_full_val;
    22                                               
    23              1                         35       always_ff @(posedge wclk_i or negedge wrst_n_i) begin
    24                                                   if (~wrst_n_i)
    25              1                          2           {wbin_reg, wptr_g} <= '0;
    26                                                   else
    27              1                         33           {wbin_reg, wptr_g} <= {wbin_next, wgray_next};
    28                                                 end
    29                                               
    30              1                         18       assign wr_addr     = wbin_reg[ADDRSIZE-1:0];
    31              1                         56       assign wbin_next   = wbin_reg + (wen & ~fifo_full);
    32              1                         48       assign wgray_next  = (wbin_next >> 1) ^ wbin_next;
    33                                               
    34              1                         65       assign fifo_full_val = (wgray_next == {~rptr_sync2_wrclk[ADDRSIZE:ADDRSIZE-1], rptr_sync2_wrclk[ADDRSIZE-2:0]});
    35              1                         70       assign fifo_almost_full_val = ((wgray_next-1 == {~rptr_sync2_wrclk[ADDRSIZE:ADDRSIZE-1], rptr_sync2_wrclk[ADDRSIZE-2:0]}) || fifo_full_val);
    36                                               
    37              1                         12       always_ff @(posedge wclk_i or negedge wrst_n_i) begin
    38                                                   if (~wrst_n_i) begin
    39              1                          2           fifo_full <= 1'b0;
    40              1                          2     	  fifo_almost_full <= 1'b0;
    41                                               	end else begin
    42              1                         10           fifo_full <= fifo_full_val;
    43              1                         10     	  fifo_almost_full <= fifo_almost_full_val;
    44                                               	end
    45                                                 end
    46                                               
    47                                               endmodule

Branch Coverage:
    Enabled Coverage            Active      Hits    Misses % Covered
    ----------------            ------      ----    ------ ---------
    Branches                         4         4         0     100.0

================================Branch Details================================

Branch Coverage for file wptr_full.sv --

------------------------------------IF Branch------------------------------------
    24                                        35     Count coming in to IF
    24              1                          2         if (~wrst_n_i)
    26              1                         33         else
Branch totals: 2 hits of 2 branches = 100.0%

------------------------------------IF Branch------------------------------------
    38                                        12     Count coming in to IF
    38              1                          2         if (~wrst_n_i) begin
    41              1                         10     	end else begin
Branch totals: 2 hits of 2 branches = 100.0%


Condition Coverage:
    Enabled Coverage            Active   Covered    Misses % Covered
    ----------------            ------      ----    ------ ---------
    FEC Condition Terms              0         0         0     100.0
Expression Coverage:
    Enabled Coverage            Active   Covered    Misses % Covered
    ----------------            ------      ----    ------ ---------
    FEC Expression Terms             2         2         0     100.0

================================Expression Details================================

Expression Coverage for file wptr_full.sv --

----------------Focused Expression View-----------------
Line       35 Item    1  (((wgray_next - 1) == {~rptr_sync2_wrclk[4:3],rptr_sync2_wrclk[2:0]}) || fifo_full_val)
Expression totals: 2 of 2 input terms covered = 100.0%


FSM Coverage:
    Enabled Coverage            Active      Hits    Misses % Covered
    ----------------            ------      ----    ------ ---------
    FSMs                                                       100.0
        States                       0         0         0     100.0
        Transitions                  0         0         0     100.0
Toggle Coverage:
    Enabled Coverage            Active      Hits    Misses % Covered
    ----------------            ------      ----    ------ ---------
    Toggle Bins                     96        66        30      68.7

================================Toggle Details================================

Toggle Coverage for File wptr_full.sv --

       Line                                   Node      1H->0L      0L->1H       0L->Z       Z->0L       1H->Z       Z->H1     ExtMode  "Coverage"
--------------------------------------------------------------------------------------------------------------------------------------------------
         11                               wrst_n_i           0           1           0           0           0           0           3       16.67 
         12                    rptr_sync2_wrclk[4]           0           1           0           0           0           0           3       16.67 
         12                    rptr_sync2_wrclk[3]           0           1           0           0           0           0           3       16.67 
         16                              wptr_g[4]           0           1           0           0           0           0           3       16.67 
         16                              wptr_g[3]           0           1           0           0           0           0           3       16.67 
         18                            wbin_reg[4]           0           1           0           0           0           0           3       16.67 

========
(n*) - Number was not used in coverage calculations performed by extended toggle algorithms.

Extended Toggle Coverage Calculation Criteria:
-----------------------------------------------
	ExtMode 1: 0L->1H & 1H->0L & any one 'Z' transition (to/from 'Z').
	ExtMode 2: 0L->1H & 1H->0L & one transition to 'Z' & one transition from 'Z'.
	ExtMode 3: 0L->1H & 1H->0L & all 'Z' transitions.
========

Total Node Count     =         36 
Toggled Node Count   =         30 
Untoggled Node Count =          6 

Toggle Coverage      =       68.7% (66 of 96 bins)


Total Coverage By File (code coverage only, filtered view): 90.6%

