UVM_INFO @ 0: uvm_test_top.env.scb [SCB_CLASS] Inside Run Phase!
UVM_INFO @ 60: uvm_test_top.env.scb [SCB_CLASS] Write! Fifo=          1
UVM_INFO @ 80: uvm_test_top.env.scb [SCB_CLASS] Write! Fifo=          2
UVM_INFO @ 100: uvm_test_top.env.scb [SCB_CLASS] Write! Fifo=          3
UVM_INFO @ 120: uvm_test_top.env.scb [SCB_CLASS] Write! Fifo=          4
UVM_INFO @ 140: uvm_test_top.env.scb [SCB_CLASS] Write! Fifo=          5
UVM_INFO @ 160: uvm_test_top.env.scb [SCB_CLASS] Write! Fifo=          6
UVM_INFO @ 180: uvm_test_top.env.scb [SCB_CLASS] Write! Fifo=          7
UVM_INFO @ 200: uvm_test_top.env.scb [SCB_CLASS] Write! Fifo=          8
UVM_INFO @ 220: uvm_test_top.env.scb [SCB_CLASS] Write! Fifo=          9
UVM_INFO @ 240: uvm_test_top.env.scb [SCB_CLASS] Write! Fifo=         10
UVM_INFO @ 260: uvm_test_top.env.scb [SCB_CLASS] Write! Fifo=         11
UVM_INFO @ 280: uvm_test_top.env.scb [SCB_CLASS] Write! Fifo=         12
UVM_INFO @ 300: uvm_test_top.env.scb [SCB_CLASS] Write! Fifo=         13
UVM_INFO @ 320: uvm_test_top.env.scb [SCB_CLASS] Write! Fifo=         14
UVM_INFO @ 340: uvm_test_top.env.scb [SCB_CLASS] Write! Fifo=         15
UVM_INFO @ 460: uvm_test_top.env.scb [SCB_CLASS] Read! Fifo=         14
UVM_INFO @ 480: uvm_test_top.env.scb [SCB_CLASS] Read! Fifo=         13
UVM_INFO @ 500: uvm_test_top.env.scb [SCB_CLASS] Read! Fifo=         12
UVM_INFO @ 520: uvm_test_top.env.scb [SCB_CLASS] Read! Fifo=         11
UVM_INFO @ 540: uvm_test_top.env.scb [SCB_CLASS] Read! Fifo=         10
UVM_INFO @ 560: uvm_test_top.env.scb [SCB_CLASS] Read! Fifo=          9
UVM_INFO @ 580: uvm_test_top.env.scb [SCB_CLASS] Read! Fifo=          8
UVM_INFO @ 600: uvm_test_top.env.scb [SCB_CLASS] Read! Fifo=          7
UVM_INFO @ 620: uvm_test_top.env.scb [SCB_CLASS] Read! Fifo=          6
UVM_INFO @ 640: uvm_test_top.env.scb [SCB_CLASS] Read! Fifo=          5
UVM_INFO @ 660: uvm_test_top.env.scb [SCB_CLASS] Read! Fifo=          4
UVM_INFO @ 680: uvm_test_top.env.scb [SCB_CLASS] Read! Fifo=          3
UVM_INFO @ 700: uvm_test_top.env.scb [SCB_CLASS] Read! Fifo=          2
UVM_INFO @ 720: uvm_test_top.env.scb [SCB_CLASS] Read! Fifo=          1
UVM_INFO @ 740: uvm_test_top.env.scb [SCB_CLASS] Read! Fifo=          0
UVM_INFO @ 960: uvm_test_top.env.scb [SCB_CLASS] Write! Fifo=          1
UVM_INFO @ 980: uvm_test_top.env.scb [SCB_CLASS] Write! Fifo=          2
UVM_INFO @ 1000: uvm_test_top.env.scb [SCB_CLASS] Write! Fifo=          3
UVM_INFO @ 1020: uvm_test_top.env.scb [SCB_CLASS] Write! Fifo=          4
UVM_INFO @ 1040: uvm_test_top.env.scb [SCB_CLASS] Write! Fifo=          5
UVM_INFO @ 1060: uvm_test_top.env.scb [SCB_CLASS] Write! Fifo=          6
UVM_INFO @ 1080: uvm_test_top.env.scb [SCB_CLASS] Write! Fifo=          7
UVM_INFO @ 1100: uvm_test_top.env.scb [SCB_CLASS] Write! Fifo=          8
UVM_INFO @ 1120: uvm_test_top.env.scb [SCB_CLASS] Write! Fifo=          9
UVM_INFO @ 1140: uvm_test_top.env.scb [SCB_CLASS] Write! Fifo=         10
UVM_INFO @ 1160: uvm_test_top.env.scb [SCB_CLASS] Write! Fifo=         11
UVM_INFO @ 1180: uvm_test_top.env.scb [SCB_CLASS] Write! Fifo=         12
UVM_INFO @ 1200: uvm_test_top.env.scb [SCB_CLASS] Write! Fifo=         13
UVM_INFO @ 1220: uvm_test_top.env.scb [SCB_CLASS] Write! Fifo=         14
UVM_INFO @ 1240: uvm_test_top.env.scb [SCB_CLASS] Write! Fifo=         15
UVM_INFO @ 1360: uvm_test_top.env.scb [SCB_CLASS] Read! Fifo=         14
UVM_INFO @ 1380: uvm_test_top.env.scb [SCB_CLASS] Read! Fifo=         13
UVM_INFO @ 1400: uvm_test_top.env.scb [SCB_CLASS] Read! Fifo=         12
UVM_INFO @ 1420: uvm_test_top.env.scb [SCB_CLASS] Read! Fifo=         11
UVM_INFO @ 1440: uvm_test_top.env.scb [SCB_CLASS] Read! Fifo=         10
UVM_INFO @ 1460: uvm_test_top.env.scb [SCB_CLASS] Read! Fifo=          9
UVM_INFO @ 1480: uvm_test_top.env.scb [SCB_CLASS] Read! Fifo=          8
UVM_INFO @ 1500: uvm_test_top.env.scb [SCB_CLASS] Read! Fifo=          7
UVM_INFO @ 1520: uvm_test_top.env.scb [SCB_CLASS] Read! Fifo=          6
UVM_INFO @ 1540: uvm_test_top.env.scb [SCB_CLASS] Read! Fifo=          5
UVM_INFO @ 1560: uvm_test_top.env.scb [SCB_CLASS] Read! Fifo=          4
UVM_INFO @ 1580: uvm_test_top.env.scb [SCB_CLASS] Read! Fifo=          3
UVM_INFO @ 1600: uvm_test_top.env.scb [SCB_CLASS] Read! Fifo=          2
UVM_INFO @ 1620: uvm_test_top.env.scb [SCB_CLASS] Read! Fifo=          1
UVM_INFO @ 1640: uvm_test_top.env.scb [SCB_CLASS] Read! Fifo=          0
